# JRE version: OpenJDK Runtime Environment Temurin-17.0.11+9 (17.0.11+9) (build 17.0.11+9)
# Java VM: OpenJDK 64-Bit Server VM Temurin-17.0.11+9 (17.0.11+9, mixed mode, tiered, compressed oops, compressed class ptrs, g1 gc, windows-amd64)
GC Precious Log:
 CPUs: 4 total, 4 available
 Memory: 3913M
 Large Page Support: Disabled
 NUMA Support: Disabled
 Compressed Oops: Enabled (32-bit)
 Heap Region Size: 1M
 Heap Min Capacity: 256M
 Heap Initial Capacity: 256M
 Heap Max Capacity: 2G
 Pre-touch: Disabled
 Parallel Workers: 4
 Concurrent Workers: 1
 Concurrent Refinement Workers: 4
 Periodic GC: Disabled
Heap:
 garbage-first heap   total 331776K, used 58367K [0x0000000080000000, 0x0000000100000000)
  region size 1024K, 1 young (1024K), 1 survivors (1024K)
 Metaspace       used 46787K, committed 48000K, reserved 1114112K
  class space    used 5497K, committed 6016K, reserved 1048576K
GC Heap History (20 events):
Event: 1427.897 GC heap after
{Heap after GC invocations=41 (full 0):
 garbage-first heap   total 773120K, used 37659K [0x0000000080000000, 0x0000000100000000)
  region size 1024K, 4 young (4096K), 4 survivors (4096K)
 Metaspace       used 46244K, committed 47424K, reserved 1114112K
  class space    used 5445K, committed 5952K, reserved 1048576K
}
Event: 1428.846 GC heap before
{Heap before GC invocations=41 (full 0):
 garbage-first heap   total 773120K, used 86811K [0x0000000080000000, 0x0000000100000000)
  region size 1024K, 37 young (37888K), 4 survivors (4096K)
 Metaspace       used 46407K, committed 47552K, reserved 1114112K
  class space    used 5460K, committed 5952K, reserved 1048576K
}
Event: 1429.061 GC heap after
{Heap after GC invocations=42 (full 0):
 garbage-first heap   total 773120K, used 40419K [0x0000000080000000, 0x0000000100000000)
  region size 1024K, 3 young (3072K), 3 survivors (3072K)
 Metaspace       used 46407K, committed 47552K, reserved 1114112K
  class space    used 5460K, committed 5952K, reserved 1048576K
}
Event: 1430.670 GC heap before
{Heap before GC invocations=42 (full 0):
 garbage-first heap   total 773120K, used 99811K [0x0000000080000000, 0x0000000100000000)
  region size 1024K, 37 young (37888K), 3 survivors (3072K)
 Metaspace       used 46570K, committed 47872K, reserved 1114112K
  class space    used 5484K, committed 6016K, reserved 1048576K
}
Event: 1430.673 GC heap after
{Heap after GC invocations=43 (full 0):
 garbage-first heap   total 773120K, used 51326K [0x0000000080000000, 0x0000000100000000)
  region size 1024K, 2 young (2048K), 2 survivors (2048K)
 Metaspace       used 46570K, committed 47872K, reserved 1114112K
  class space    used 5484K, committed 6016K, reserved 1048576K
}
Event: 1430.823 GC heap before
{Heap before GC invocations=43 (full 0):
 garbage-first heap   total 773120K, used 94334K [0x0000000080000000, 0x0000000100000000)
  region size 1024K, 45 young (46080K), 2 survivors (2048K)
 Metaspace       used 46587K, committed 47872K, reserved 1114112K
  class space    used 5486K, committed 6016K, reserved 1048576K
}
Event: 1430.829 GC heap after
{Heap after GC invocations=44 (full 0):
 garbage-first heap   total 773120K, used 51268K [0x0000000080000000, 0x0000000100000000)
  region size 1024K, 2 young (2048K), 2 survivors (2048K)
 Metaspace       used 46587K, committed 47872K, reserved 1114112K
  class space    used 5486K, committed 6016K, reserved 1048576K
}
Event: 1430.871 GC heap before
{Heap before GC invocations=44 (full 0):
 garbage-first heap   total 773120K, used 101444K [0x0000000080000000, 0x0000000100000000)
  region size 1024K, 46 young (47104K), 2 survivors (2048K)
 Metaspace       used 46596K, committed 47872K, reserved 1114112K
  class space    used 5487K, committed 6016K, reserved 1048576K
}
Event: 1430.873 GC heap after
{Heap after GC invocations=45 (full 0):
 garbage-first heap   total 773120K, used 55415K [0x0000000080000000, 0x0000000100000000)
  region size 1024K, 2 young (2048K), 2 survivors (2048K)
 Metaspace       used 46596K, committed 47872K, reserved 1114112K
  class space    used 5487K, committed 6016K, reserved 1048576K
}
Event: 1430.890 GC heap before
{Heap before GC invocations=45 (full 0):
 garbage-first heap   total 773120K, used 57463K [0x0000000080000000, 0x0000000100000000)
  region size 1024K, 4 young (4096K), 2 survivors (2048K)
 Metaspace       used 46614K, committed 47872K, reserved 1114112K
  class space    used 5487K, committed 6016K, reserved 1048576K
}
Event: 1430.892 GC heap after
{Heap after GC invocations=46 (full 0):
 garbage-first heap   total 773120K, used 56431K [0x0000000080000000, 0x0000000100000000)
  region size 1024K, 2 young (2048K), 2 survivors (2048K)
 Metaspace       used 46614K, committed 47872K, reserved 1114112K
  class space    used 5487K, committed 6016K, reserved 1048576K
}
Event: 1444.995 GC heap before
{Heap before GC invocations=47 (full 0):
 garbage-first heap   total 331776K, used 318575K [0x0000000080000000, 0x0000000100000000)
  region size 1024K, 154 young (157696K), 2 survivors (2048K)
 Metaspace       used 46753K, committed 48000K, reserved 1114112K
  class space    used 5495K, committed 6016K, reserved 1048576K
}
Event: 1447.285 GC heap after
{Heap after GC invocations=48 (full 0):
 garbage-first heap   total 331776K, used 55543K [0x0000000080000000, 0x0000000100000000)
  region size 1024K, 4 young (4096K), 4 survivors (4096K)
 Metaspace       used 46753K, committed 48000K, reserved 1114112K
  class space    used 5495K, committed 6016K, reserved 1048576K
}
Event: 1447.703 GC heap before
{Heap before GC invocations=48 (full 0):
 garbage-first heap   total 331776K, used 86263K [0x0000000080000000, 0x0000000100000000)
  region size 1024K, 16 young (16384K), 4 survivors (4096K)
 Metaspace       used 46755K, committed 48000K, reserved 1114112K
  class space    used 5495K, committed 6016K, reserved 1048576K
}
Event: 1447.715 GC heap after
{Heap after GC invocations=49 (full 0):
 garbage-first heap   total 331776K, used 57632K [0x0000000080000000, 0x0000000100000000)
  region size 1024K, 1 young (1024K), 1 survivors (1024K)
 Metaspace       used 46755K, committed 48000K, reserved 1114112K
  class space    used 5495K, committed 6016K, reserved 1048576K
}
Event: 1448.204 GC heap before
{Heap before GC invocations=49 (full 0):
 garbage-first heap   total 331776K, used 98592K [0x0000000080000000, 0x0000000100000000)
  region size 1024K, 16 young (16384K), 1 survivors (1024K)
 Metaspace       used 46755K, committed 48000K, reserved 1114112K
  class space    used 5495K, committed 6016K, reserved 1048576K
}
Event: 1448.210 GC heap after
{Heap after GC invocations=50 (full 0):
 garbage-first heap   total 331776K, used 54883K [0x0000000080000000, 0x0000000100000000)
  region size 1024K, 1 young (1024K), 1 survivors (1024K)
 Metaspace       used 46755K, committed 48000K, reserved 1114112K
  class space    used 5495K, committed 6016K, reserved 1048576K
}
Event: 1448.267 GC heap before
{Heap before GC invocations=50 (full 0):
 garbage-first heap   total 331776K, used 69219K [0x0000000080000000, 0x0000000100000000)
  region size 1024K, 16 young (16384K), 1 survivors (1024K)
 Metaspace       used 46767K, committed 48000K, reserved 1114112K
  class space    used 5495K, committed 6016K, reserved 1048576K
}
Event: 1450.283 GC heap after
{Heap after GC invocations=51 (full 0):
 garbage-first heap   total 331776K, used 54935K [0x0000000080000000, 0x0000000100000000)
  region size 1024K, 1 young (1024K), 1 survivors (1024K)
 Metaspace       used 46767K, committed 48000K, reserved 1114112K
  class space    used 5495K, committed 6016K, reserved 1048576K
}
Event: 1450.519 GC heap before
{Heap before GC invocations=51 (full 0):
 garbage-first heap   total 331776K, used 83607K [0x0000000080000000, 0x0000000100000000)
  region size 1024K, 16 young (16384K), 1 survivors (1024K)
 Metaspace       used 46787K, committed 48000K, reserved 1114112K
  class space    used 5497K, committed 6016K, reserved 1048576K
}

