# JRE version: OpenJDK Runtime Environment Temurin-17.0.11+9 (17.0.11+9) (build 17.0.11+9)
# Java VM: OpenJDK 64-Bit Server VM Temurin-17.0.11+9 (17.0.11+9, mixed mode, tiered, compressed oops, compressed class ptrs, g1 gc, windows-amd64)
GC Precious Log:
 CPUs: 4 total, 4 available
 Memory: 3913M
 Large Page Support: Disabled
 NUMA Support: Disabled
 Compressed Oops: Enabled (32-bit)
 Heap Region Size: 1M
 Heap Min Capacity: 256M
 Heap Initial Capacity: 256M
 Heap Max Capacity: 2G
 Pre-touch: Disabled
 Parallel Workers: 4
 Concurrent Workers: 1
 Concurrent Refinement Workers: 4
 Periodic GC: Disabled
Heap:
 garbage-first heap   total 621568K, used 45736K [0x0000000080000000, 0x0000000100000000)
  region size 1024K, 2 young (2048K), 2 survivors (2048K)
 Metaspace       used 46339K, committed 47616K, reserved 1114112K
  class space    used 5439K, committed 5952K, reserved 1048576K
GC Heap History (20 events):
Event: 1420.606 GC heap after
{Heap after GC invocations=32 (full 0):
 garbage-first heap   total 262144K, used 37462K [0x0000000080000000, 0x0000000100000000)
  region size 1024K, 2 young (2048K), 2 survivors (2048K)
 Metaspace       used 45374K, committed 46656K, reserved 1114112K
  class space    used 5349K, committed 5888K, reserved 1048576K
}
Event: 1420.951 GC heap before
{Heap before GC invocations=32 (full 0):
 garbage-first heap   total 262144K, used 46678K [0x0000000080000000, 0x0000000100000000)
  region size 1024K, 12 young (12288K), 2 survivors (2048K)
 Metaspace       used 45438K, committed 46720K, reserved 1114112K
  class space    used 5352K, committed 5888K, reserved 1048576K
}
Event: 1421.307 GC heap after
{Heap after GC invocations=33 (full 0):
 garbage-first heap   total 262144K, used 37472K [0x0000000080000000, 0x0000000100000000)
  region size 1024K, 1 young (1024K), 1 survivors (1024K)
 Metaspace       used 45438K, committed 46720K, reserved 1114112K
  class space    used 5352K, committed 5888K, reserved 1048576K
}
Event: 1421.444 GC heap before
{Heap before GC invocations=33 (full 0):
 garbage-first heap   total 262144K, used 55904K [0x0000000080000000, 0x0000000100000000)
  region size 1024K, 12 young (12288K), 1 survivors (1024K)
 Metaspace       used 45441K, committed 46720K, reserved 1114112K
  class space    used 5353K, committed 5888K, reserved 1048576K
}
Event: 1421.446 GC heap after
{Heap after GC invocations=34 (full 0):
 garbage-first heap   total 262144K, used 37438K [0x0000000080000000, 0x0000000100000000)
  region size 1024K, 1 young (1024K), 1 survivors (1024K)
 Metaspace       used 45441K, committed 46720K, reserved 1114112K
  class space    used 5353K, committed 5888K, reserved 1048576K
}
Event: 1421.539 GC heap before
{Heap before GC invocations=34 (full 0):
 garbage-first heap   total 262144K, used 55870K [0x0000000080000000, 0x0000000100000000)
  region size 1024K, 12 young (12288K), 1 survivors (1024K)
 Metaspace       used 45459K, committed 46720K, reserved 1114112K
  class space    used 5353K, committed 5888K, reserved 1048576K
}
Event: 1421.823 GC heap after
{Heap after GC invocations=35 (full 0):
 garbage-first heap   total 621568K, used 37461K [0x0000000080000000, 0x0000000100000000)
  region size 1024K, 1 young (1024K), 1 survivors (1024K)
 Metaspace       used 45459K, committed 46720K, reserved 1114112K
  class space    used 5353K, committed 5888K, reserved 1048576K
}
Event: 1421.991 GC heap before
{Heap before GC invocations=35 (full 0):
 garbage-first heap   total 621568K, used 83541K [0x0000000080000000, 0x0000000100000000)
  region size 1024K, 30 young (30720K), 1 survivors (1024K)
 Metaspace       used 45492K, committed 46720K, reserved 1114112K
  class space    used 5354K, committed 5888K, reserved 1048576K
}
Event: 1421.992 GC heap after
{Heap after GC invocations=36 (full 0):
 garbage-first heap   total 621568K, used 37502K [0x0000000080000000, 0x0000000100000000)
  region size 1024K, 1 young (1024K), 1 survivors (1024K)
 Metaspace       used 45492K, committed 46720K, reserved 1114112K
  class space    used 5354K, committed 5888K, reserved 1048576K
}
Event: 1422.614 GC heap before
{Heap before GC invocations=36 (full 0):
 garbage-first heap   total 621568K, used 82558K [0x0000000080000000, 0x0000000100000000)
  region size 1024K, 30 young (30720K), 1 survivors (1024K)
 Metaspace       used 45501K, committed 46720K, reserved 1114112K
  class space    used 5355K, committed 5888K, reserved 1048576K
}
Event: 1422.617 GC heap after
{Heap after GC invocations=37 (full 0):
 garbage-first heap   total 621568K, used 37548K [0x0000000080000000, 0x0000000100000000)
  region size 1024K, 1 young (1024K), 1 survivors (1024K)
 Metaspace       used 45501K, committed 46720K, reserved 1114112K
  class space    used 5355K, committed 5888K, reserved 1048576K
}
Event: 1423.610 GC heap before
{Heap before GC invocations=37 (full 0):
 garbage-first heap   total 621568K, used 98988K [0x0000000080000000, 0x0000000100000000)
  region size 1024K, 30 young (30720K), 1 survivors (1024K)
 Metaspace       used 45575K, committed 46784K, reserved 1114112K
  class space    used 5356K, committed 5888K, reserved 1048576K
}
Event: 1423.616 GC heap after
{Heap after GC invocations=38 (full 0):
 garbage-first heap   total 621568K, used 37613K [0x0000000080000000, 0x0000000100000000)
  region size 1024K, 1 young (1024K), 1 survivors (1024K)
 Metaspace       used 45575K, committed 46784K, reserved 1114112K
  class space    used 5356K, committed 5888K, reserved 1048576K
}
Event: 1427.553 GC heap before
{Heap before GC invocations=38 (full 0):
 garbage-first heap   total 621568K, used 94957K [0x0000000080000000, 0x0000000100000000)
  region size 1024K, 42 young (43008K), 1 survivors (1024K)
 Metaspace       used 46264K, committed 47488K, reserved 1114112K
  class space    used 5431K, committed 5952K, reserved 1048576K
}
Event: 1427.901 GC heap after
{Heap after GC invocations=39 (full 0):
 garbage-first heap   total 621568K, used 42733K [0x0000000080000000, 0x0000000100000000)
  region size 1024K, 6 young (6144K), 6 survivors (6144K)
 Metaspace       used 46264K, committed 47488K, reserved 1114112K
  class space    used 5431K, committed 5952K, reserved 1048576K
}
Event: 1427.971 GC heap before
{Heap before GC invocations=39 (full 0):
 garbage-first heap   total 621568K, used 74477K [0x0000000080000000, 0x0000000100000000)
  region size 1024K, 30 young (30720K), 6 survivors (6144K)
 Metaspace       used 46307K, committed 47552K, reserved 1114112K
  class space    used 5437K, committed 5952K, reserved 1048576K
}
Event: 1428.412 GC heap after
{Heap after GC invocations=40 (full 0):
 garbage-first heap   total 621568K, used 43751K [0x0000000080000000, 0x0000000100000000)
  region size 1024K, 2 young (2048K), 2 survivors (2048K)
 Metaspace       used 46307K, committed 47552K, reserved 1114112K
  class space    used 5437K, committed 5952K, reserved 1048576K
}
Event: 1428.740 GC heap before
{Heap before GC invocations=40 (full 0):
 garbage-first heap   total 621568K, used 44775K [0x0000000080000000, 0x0000000100000000)
  region size 1024K, 5 young (5120K), 2 survivors (2048K)
 Metaspace       used 46314K, committed 47552K, reserved 1114112K
  class space    used 5439K, committed 5952K, reserved 1048576K
}
Event: 1429.550 GC heap after
{Heap after GC invocations=41 (full 0):
 garbage-first heap   total 621568K, used 44192K [0x0000000080000000, 0x0000000100000000)
  region size 1024K, 2 young (2048K), 2 survivors (2048K)
 Metaspace       used 46314K, committed 47552K, reserved 1114112K
  class space    used 5439K, committed 5952K, reserved 1048576K
}
Event: 1430.052 GC heap before
{Heap before GC invocations=41 (full 0):
 garbage-first heap   total 621568K, used 80032K [0x0000000080000000, 0x0000000100000000)
  region size 1024K, 30 young (30720K), 2 survivors (2048K)
 Metaspace       used 46339K, committed 47616K, reserved 1114112K
  class space    used 5439K, committed 5952K, reserved 1048576K
}

