# JRE version: OpenJDK Runtime Environment Temurin-17.0.11+9 (17.0.11+9) (build 17.0.11+9)
# Java VM: OpenJDK 64-Bit Server VM Temurin-17.0.11+9 (17.0.11+9, mixed mode, tiered, compressed oops, compressed class ptrs, g1 gc, windows-amd64)
GC Precious Log:
 CPUs: 4 total, 4 available
 Memory: 3913M
 Large Page Support: Disabled
 NUMA Support: Disabled
 Compressed Oops: Enabled (32-bit)
 Heap Region Size: 1M
 Heap Min Capacity: 256M
 Heap Initial Capacity: 256M
 Heap Max Capacity: 2G
 Pre-touch: Disabled
 Parallel Workers: 4
 Concurrent Workers: 1
 Concurrent Refinement Workers: 4
 Periodic GC: Disabled
Heap:
 garbage-first heap   total 262144K, used 43326K [0x0000000080000000, 0x0000000100000000)
  region size 1024K, 2 young (2048K), 2 survivors (2048K)
 Metaspace       used 45782K, committed 47040K, reserved 1114112K
  class space    used 5394K, committed 5952K, reserved 1048576K
GC Heap History (20 events):
Event: 1278.759 GC heap after
{Heap after GC invocations=20 (full 0):
 garbage-first heap   total 262144K, used 29010K [0x0000000080000000, 0x0000000100000000)
  region size 1024K, 1 young (1024K), 1 survivors (1024K)
 Metaspace       used 42907K, committed 44160K, reserved 1114112K
  class space    used 4958K, committed 5504K, reserved 1048576K
}
Event: 1388.430 GC heap before
{Heap before GC invocations=20 (full 0):
 garbage-first heap   total 262144K, used 39250K [0x0000000080000000, 0x0000000100000000)
  region size 1024K, 12 young (12288K), 1 survivors (1024K)
 Metaspace       used 44165K, committed 45376K, reserved 1114112K
  class space    used 5154K, committed 5632K, reserved 1048576K
}
Event: 1388.431 GC heap after
{Heap after GC invocations=21 (full 0):
 garbage-first heap   total 262144K, used 29081K [0x0000000080000000, 0x0000000100000000)
  region size 1024K, 1 young (1024K), 1 survivors (1024K)
 Metaspace       used 44165K, committed 45376K, reserved 1114112K
  class space    used 5154K, committed 5632K, reserved 1048576K
}
Event: 1400.131 GC heap before
{Heap before GC invocations=22 (full 0):
 garbage-first heap   total 262144K, used 37273K [0x0000000080000000, 0x0000000100000000)
  region size 1024K, 12 young (12288K), 1 survivors (1024K)
 Metaspace       used 44739K, committed 45888K, reserved 1114112K
  class space    used 5261K, committed 5760K, reserved 1048576K
}
Event: 1400.136 GC heap after
{Heap after GC invocations=23 (full 0):
 garbage-first heap   total 262144K, used 27317K [0x0000000080000000, 0x0000000100000000)
  region size 1024K, 1 young (1024K), 1 survivors (1024K)
 Metaspace       used 44739K, committed 45888K, reserved 1114112K
  class space    used 5261K, committed 5760K, reserved 1048576K
}
Event: 1415.070 GC heap before
{Heap before GC invocations=23 (full 0):
 garbage-first heap   total 262144K, used 45749K [0x0000000080000000, 0x0000000100000000)
  region size 1024K, 12 young (12288K), 1 survivors (1024K)
 Metaspace       used 45228K, committed 46464K, reserved 1114112K
  class space    used 5333K, committed 5888K, reserved 1048576K
}
Event: 1415.262 GC heap after
{Heap after GC invocations=24 (full 0):
 garbage-first heap   total 262144K, used 28934K [0x0000000080000000, 0x0000000100000000)
  region size 1024K, 2 young (2048K), 2 survivors (2048K)
 Metaspace       used 45228K, committed 46464K, reserved 1114112K
  class space    used 5333K, committed 5888K, reserved 1048576K
}
Event: 1415.421 GC heap before
{Heap before GC invocations=24 (full 0):
 garbage-first heap   total 262144K, used 38150K [0x0000000080000000, 0x0000000100000000)
  region size 1024K, 12 young (12288K), 2 survivors (2048K)
 Metaspace       used 45234K, committed 46464K, reserved 1114112K
  class space    used 5335K, committed 5888K, reserved 1048576K
}
Event: 1415.423 GC heap after
{Heap after GC invocations=25 (full 0):
 garbage-first heap   total 262144K, used 28912K [0x0000000080000000, 0x0000000100000000)
  region size 1024K, 1 young (1024K), 1 survivors (1024K)
 Metaspace       used 45234K, committed 46464K, reserved 1114112K
  class space    used 5335K, committed 5888K, reserved 1048576K
}
Event: 1418.457 GC heap before
{Heap before GC invocations=25 (full 0):
 garbage-first heap   total 262144K, used 55536K [0x0000000080000000, 0x0000000100000000)
  region size 1024K, 12 young (12288K), 1 survivors (1024K)
 Metaspace       used 45309K, committed 46528K, reserved 1114112K
  class space    used 5350K, committed 5888K, reserved 1048576K
}
Event: 1418.459 GC heap after
{Heap after GC invocations=26 (full 0):
 garbage-first heap   total 262144K, used 33167K [0x0000000080000000, 0x0000000100000000)
  region size 1024K, 2 young (2048K), 2 survivors (2048K)
 Metaspace       used 45309K, committed 46528K, reserved 1114112K
  class space    used 5350K, committed 5888K, reserved 1048576K
}
Event: 1418.469 GC heap before
{Heap before GC invocations=26 (full 0):
 garbage-first heap   total 262144K, used 42383K [0x0000000080000000, 0x0000000100000000)
  region size 1024K, 12 young (12288K), 2 survivors (2048K)
 Metaspace       used 45309K, committed 46528K, reserved 1114112K
  class space    used 5350K, committed 5888K, reserved 1048576K
}
Event: 1418.470 GC heap after
{Heap after GC invocations=27 (full 0):
 garbage-first heap   total 262144K, used 33212K [0x0000000080000000, 0x0000000100000000)
  region size 1024K, 2 young (2048K), 2 survivors (2048K)
 Metaspace       used 45309K, committed 46528K, reserved 1114112K
  class space    used 5350K, committed 5888K, reserved 1048576K
}
Event: 1419.998 GC heap before
{Heap before GC invocations=27 (full 0):
 garbage-first heap   total 262144K, used 58812K [0x0000000080000000, 0x0000000100000000)
  region size 1024K, 12 young (12288K), 2 survivors (2048K)
 Metaspace       used 45442K, committed 46720K, reserved 1114112K
  class space    used 5373K, committed 5888K, reserved 1048576K
}
Event: 1420.077 GC heap after
{Heap after GC invocations=28 (full 0):
 garbage-first heap   total 262144K, used 33227K [0x0000000080000000, 0x0000000100000000)
  region size 1024K, 1 young (1024K), 1 survivors (1024K)
 Metaspace       used 45442K, committed 46720K, reserved 1114112K
  class space    used 5373K, committed 5888K, reserved 1048576K
}
Event: 1420.086 GC heap before
{Heap before GC invocations=28 (full 0):
 garbage-first heap   total 262144K, used 43467K [0x0000000080000000, 0x0000000100000000)
  region size 1024K, 12 young (12288K), 1 survivors (1024K)
 Metaspace       used 45443K, committed 46720K, reserved 1114112K
  class space    used 5373K, committed 5888K, reserved 1048576K
}
Event: 1420.088 GC heap after
{Heap after GC invocations=29 (full 0):
 garbage-first heap   total 262144K, used 33294K [0x0000000080000000, 0x0000000100000000)
  region size 1024K, 1 young (1024K), 1 survivors (1024K)
 Metaspace       used 45443K, committed 46720K, reserved 1114112K
  class space    used 5373K, committed 5888K, reserved 1048576K
}
Event: 1420.098 GC heap before
{Heap before GC invocations=29 (full 0):
 garbage-first heap   total 262144K, used 51726K [0x0000000080000000, 0x0000000100000000)
  region size 1024K, 12 young (12288K), 1 survivors (1024K)
 Metaspace       used 45443K, committed 46720K, reserved 1114112K
  class space    used 5373K, committed 5888K, reserved 1048576K
}
Event: 1420.100 GC heap after
{Heap after GC invocations=30 (full 0):
 garbage-first heap   total 262144K, used 33332K [0x0000000080000000, 0x0000000100000000)
  region size 1024K, 1 young (1024K), 1 survivors (1024K)
 Metaspace       used 45443K, committed 46720K, reserved 1114112K
  class space    used 5373K, committed 5888K, reserved 1048576K
}
Event: 1440.820 GC heap before
{Heap before GC invocations=30 (full 0):
 garbage-first heap   total 262144K, used 78388K [0x0000000080000000, 0x0000000100000000)
  region size 1024K, 29 young (29696K), 1 survivors (1024K)
 Metaspace       used 45782K, committed 47040K, reserved 1114112K
  class space    used 5394K, committed 5952K, reserved 1048576K
}

